#-----------------------------------------------------------
# Vivado v2020.2 (64-bit)
# SW Build 3064766 on Wed Nov 18 09:12:45 MST 2020
# IP Build 3064653 on Wed Nov 18 14:17:31 MST 2020
# Start of session at: Fri Sep  6 10:52:02 2024
# Process ID: 656
# Current directory: C:/vivado/RISC-V CPU
# Command line: vivado.exe -gui_launcher_event rodinguilauncherevent10188 C:\vivado\RISC-V CPU\RISC-V CPU.xpr
# Log file: C:/vivado/RISC-V CPU/vivado.log
# Journal file: C:/vivado/RISC-V CPU\vivado.jou
#-----------------------------------------------------------
start_gui
open_project {C:/vivado/RISC-V CPU/RISC-V CPU.xpr}
WARNING: [filemgmt 56-3] Default IP Output Path : Could not find the directory 'C:/vivado/RISC-V CPU/RISC-V CPU.gen/sources_1'.
Scanning sources...
Finished scanning sources
INFO: [IP_Flow 19-234] Refreshing IP repositories
INFO: [IP_Flow 19-1704] No user IP repositories specified
INFO: [IP_Flow 19-2313] Loaded Vivado IP repository 'C:/Xilinx/Vivado/2020.2/data/ip'.
open_project: Time (s): cpu = 00:00:15 ; elapsed = 00:00:08 . Memory (MB): peak = 999.750 ; gain = 0.000
update_compile_order -fileset sources_1
exit
INFO: [Common 17-206] Exiting Vivado at Fri Sep  6 17:20:52 2024...
